<?xml version="1.0" encoding="UTF-8"?>
<testng-results ignored="0" total="1" passed="1" failed="0" skipped="0">
  <reporter-output>
  </reporter-output>
  <suite started-at="2022-08-10T14:56:26Z" name="Nopcommerce" finished-at="2022-08-10T14:56:43Z" duration-ms="16919">
    <groups>
    </groups>
    <test started-at="2022-08-10T14:56:26Z" name="Run On Chrome" finished-at="2022-08-10T14:56:43Z" duration-ms="16919">
      <class name="com.template.TC_01_LogIn">
        <test-method is-config="true" signature="deleteAllFilesInReportNGScreenshot()[pri:0, instance:com.template.TC_01_LogIn@6b3f6585]" started-at="2022-08-10T14:56:26Z" name="deleteAllFilesInReportNGScreenshot" finished-at="2022-08-10T14:56:26Z" duration-ms="75" status="PASS">
          <reporter-output>
          </reporter-output>
        </test-method> <!-- deleteAllFilesInReportNGScreenshot -->
        <test-method is-config="true" signature="beforeClass(java.lang.String)[pri:0, instance:com.template.TC_01_LogIn@6b3f6585]" started-at="2022-08-10T14:56:26Z" name="beforeClass" finished-at="2022-08-10T14:56:40Z" duration-ms="14280" status="PASS">
          <params>
            <param index="0">
              <value>
                <![CDATA[chrome_ui]]>
              </value>
            </param>
          </params>
          <reporter-output>
          </reporter-output>
        </test-method> <!-- beforeClass -->
        <test-method is-config="true" signature="navigateBrowser()[pri:0, instance:com.template.TC_01_LogIn@6b3f6585]" started-at="2022-08-10T14:56:40Z" name="navigateBrowser" finished-at="2022-08-10T14:56:41Z" duration-ms="654" status="PASS">
          <reporter-output>
          </reporter-output>
        </test-method> <!-- navigateBrowser -->
        <test-method signature="TC01_LogIn_EmptyData()[pri:0, instance:com.template.TC_01_LogIn@6b3f6585]" started-at="2022-08-10T14:56:41Z" name="TC01_LogIn_EmptyData" finished-at="2022-08-10T14:56:42Z" duration-ms="463" status="PASS">
          <reporter-output>
          </reporter-output>
        </test-method> <!-- TC01_LogIn_EmptyData -->
        <test-method is-config="true" signature="afterClass()[pri:0, instance:com.template.TC_01_LogIn@6b3f6585]" started-at="2022-08-10T14:56:42Z" name="afterClass" finished-at="2022-08-10T14:56:43Z" duration-ms="1067" status="PASS">
          <reporter-output>
          </reporter-output>
        </test-method> <!-- afterClass -->
      </class> <!-- com.template.TC_01_LogIn -->
    </test> <!-- Run On Chrome -->
  </suite> <!-- Nopcommerce -->
</testng-results>
